<?xml version="1.0" encoding="UTF-8"?>
<!-- Generated by org.testng.reporters.JUnitXMLReporter -->
<testsuite ignored="0" hostname="DESKTOP-1J8V2O0" failures="1" tests="1" name="EdgeTest" time="1.489" errors="0" timestamp="2024-01-19T15:53:58 IST">
  <testcase classname="Tests.RegistrationPageTest" name="RegistrationFunctionalityTest" time="0.004">
    <failure type="java.lang.IllegalArgumentException" message="Input must be set">
      <![CDATA[java.lang.IllegalArgumentException: Input must be set
at org.openqa.selenium.internal.Require.nonNull(Require.java:60)
at org.openqa.selenium.support.ui.FluentWait.<init>(FluentWait.java:94)
at org.openqa.selenium.support.ui.WebDriverWait.<init>(WebDriverWait.java:74)
at org.openqa.selenium.support.ui.WebDriverWait.<init>(WebDriverWait.java:43)
at BasePage.BasePage.elementToBeClickable(BasePage.java:53)
at Pages.HomePage.GoToRegistrationPage(HomePage.java:41)
at Tests.RegistrationPageTest.RegistrationFunctionalityTest(RegistrationPageTest.java:32)
at java.base/java.util.ArrayList.forEach(ArrayList.java:1511)
... Removed 27 stack frames]]>
    </failure>
  </testcase> <!-- RegistrationFunctionalityTest -->
</testsuite> <!-- EdgeTest -->
