<?xml version="1.0" encoding="UTF-8"?>
<!-- Generated by org.testng.reporters.JUnitXMLReporter -->
<testsuite ignored="19" hostname="DESKTOP-1J8V2O0" failures="0" tests="3" name="Test" time="3.104" errors="0" timestamp="2024-01-18T12:39:15 IST">
  <testcase classname="Tests.SearchResultPageTest" name="SearchedProductAvailabilityTest" time="1.772"/>
  <testcase classname="Tests.HomePageTest" name="HomePageTitleTest" time="0.035"/>
  <testcase classname="Tests.HomePageTest" name="LogoImageTest" time="0.08"/>
  <testcase classname="Base.BaseTest" name="@BeforeSuite SetUp" time="0.0">
    <ignored/>
  </testcase> <!-- @BeforeSuite SetUp -->
  <testcase classname="Tests.ShoopingCartPageTest" name="GoToCheckOutPage" time="0.0">
    <ignored/>
  </testcase> <!-- GoToCheckOutPage -->
  <testcase classname="Base.BaseTest" name="@AfterSuite tearDown" time="0.0">
    <ignored/>
  </testcase> <!-- @AfterSuite tearDown -->
  <testcase classname="Base.BaseTest" name="@AfterSuite tearDown" time="0.0">
    <ignored/>
  </testcase> <!-- @AfterSuite tearDown -->
  <testcase classname="Base.BaseTest" name="@BeforeSuite SetUp" time="0.0">
    <ignored/>
  </testcase> <!-- @BeforeSuite SetUp -->
  <testcase classname="Tests.WishlistPageTest" name="ProductAddToWishlistTest" time="0.0">
    <ignored/>
  </testcase> <!-- ProductAddToWishlistTest -->
  <testcase classname="Base.BaseTest" name="@AfterSuite tearDown" time="0.0">
    <ignored/>
  </testcase> <!-- @AfterSuite tearDown -->
  <testcase classname="Tests.CheckOutPageTest" name="CheckOutFunctionalityTest" time="0.0">
    <ignored/>
  </testcase> <!-- CheckOutFunctionalityTest -->
  <testcase classname="Base.BaseTest" name="@BeforeSuite SetUp" time="0.0">
    <ignored/>
  </testcase> <!-- @BeforeSuite SetUp -->
  <testcase classname="Tests.RegistrationPageTest" name="RegistrationFunctionalityTest" time="0.0">
    <ignored/>
  </testcase> <!-- RegistrationFunctionalityTest -->
  <testcase classname="Base.BaseTest" name="@BeforeSuite SetUp" time="0.0">
    <ignored/>
  </testcase> <!-- @BeforeSuite SetUp -->
  <testcase classname="Base.BaseTest" name="@AfterSuite tearDown" time="0.0">
    <ignored/>
  </testcase> <!-- @AfterSuite tearDown -->
  <testcase classname="Base.BaseTest" name="@BeforeSuite SetUp" time="0.0">
    <ignored/>
  </testcase> <!-- @BeforeSuite SetUp -->
  <testcase classname="Tests.ShoopingCartPageTest" name="ProductAddToShoopingCartTest" time="0.0">
    <ignored/>
  </testcase> <!-- ProductAddToShoopingCartTest -->
  <testcase classname="Base.BaseTest" name="@AfterSuite tearDown" time="0.0">
    <ignored/>
  </testcase> <!-- @AfterSuite tearDown -->
  <testcase classname="Tests.ShoopingCartPageTest" name="VerifyTheTotalPrice" time="0.0">
    <ignored/>
  </testcase> <!-- VerifyTheTotalPrice -->
  <testcase classname="Base.BaseTest" name="@BeforeSuite SetUp" time="0.0">
    <ignored/>
  </testcase> <!-- @BeforeSuite SetUp -->
  <testcase classname="Base.BaseTest" name="@AfterSuite tearDown" time="0.0">
    <ignored/>
  </testcase> <!-- @AfterSuite tearDown -->
  <testcase classname="Tests.LoginPageTest" name="LoginFunctionalityTest" time="0.0">
    <ignored/>
  </testcase> <!-- LoginFunctionalityTest -->
</testsuite> <!-- Test -->
