<?xml version="1.0" encoding="UTF-8"?>
<testng-results ignored="0" total="4" passed="3" failed="1" skipped="0">
  <reporter-output>
  </reporter-output>
  <suite started-at="2024-01-23T14:17:12 IST" name="Smoke_Test" finished-at="2024-01-23T14:17:43 IST" duration-ms="30973">
    <groups>
      <group name="Sanity">
        <method signature="SearchResultPageTest.SearchedProductAvailabilityTest(java.lang.String)[pri:0, instance:Tests.SearchResultPageTest@68b32e3e]" name="SearchedProductAvailabilityTest" class="Tests.SearchResultPageTest"/>
      </group> <!-- Sanity -->
      <group name="Smoke">
        <method signature="LoginPageTest.LoginFunctionalityTest(java.lang.String,java.lang.String)[pri:0, instance:Tests.LoginPageTest@33308786]" name="LoginFunctionalityTest" class="Tests.LoginPageTest"/>
        <method signature="SearchResultPageTest.SearchedProductAvailabilityTest(java.lang.String)[pri:0, instance:Tests.SearchResultPageTest@68b32e3e]" name="SearchedProductAvailabilityTest" class="Tests.SearchResultPageTest"/>
        <method signature="HomePageTest.HomePageTitleTest()[pri:1, instance:Tests.HomePageTest@bcef303]" name="HomePageTitleTest" class="Tests.HomePageTest"/>
        <method signature="HomePageTest.LogoImageTest()[pri:2, instance:Tests.HomePageTest@bcef303]" name="LogoImageTest" class="Tests.HomePageTest"/>
      </group> <!-- Smoke -->
    </groups>
    <test started-at="2024-01-23T14:17:12 IST" name="Smoke_Test" finished-at="2024-01-23T14:17:43 IST" duration-ms="30973">
      <class name="Tests.SearchResultPageTest">
        <test-method is-config="true" signature="SetUp(java.lang.String)[pri:0, instance:Tests.SearchResultPageTest@68b32e3e]" started-at="2024-01-23T14:17:13 IST" name="SetUp" finished-at="2024-01-23T14:17:21 IST" duration-ms="7999" status="PASS">
          <params>
            <param index="0">
              <value>
                <![CDATA[chrome]]>
              </value>
            </param>
          </params>
          <reporter-output>
          </reporter-output>
        </test-method> <!-- SetUp -->
        <test-method signature="SearchedProductAvailabilityTest(java.lang.String)[pri:0, instance:Tests.SearchResultPageTest@68b32e3e]" started-at="2024-01-23T14:17:22 IST" name="SearchedProductAvailabilityTest" data-provider="TestData" finished-at="2024-01-23T14:17:23 IST" duration-ms="1055" status="PASS">
          <params>
            <param index="0">
              <value>
                <![CDATA[Flower Girl Bracelet]]>
              </value>
            </param>
          </params>
          <reporter-output>
          </reporter-output>
        </test-method> <!-- SearchedProductAvailabilityTest -->
        <test-method is-config="true" signature="tearDown()[pri:0, instance:Tests.SearchResultPageTest@68b32e3e]" started-at="2024-01-23T14:17:23 IST" name="tearDown" finished-at="2024-01-23T14:17:24 IST" duration-ms="988" status="PASS">
          <reporter-output>
          </reporter-output>
        </test-method> <!-- tearDown -->
      </class> <!-- Tests.SearchResultPageTest -->
      <class name="Tests.ShoopingCartPageTest">
        <test-method is-config="true" signature="StartConfig()[pri:0, instance:Tests.ShoopingCartPageTest@1921ad94]" started-at="2024-01-23T14:17:12 IST" name="StartConfig" finished-at="2024-01-23T14:17:12 IST" duration-ms="105" status="PASS">
          <reporter-output>
          </reporter-output>
        </test-method> <!-- StartConfig -->
        <test-method is-config="true" signature="CloseConfig()[pri:0, instance:Tests.ShoopingCartPageTest@1921ad94]" started-at="2024-01-23T14:17:43 IST" name="CloseConfig" finished-at="2024-01-23T14:17:43 IST" duration-ms="2" status="PASS">
          <reporter-output>
          </reporter-output>
        </test-method> <!-- CloseConfig -->
      </class> <!-- Tests.ShoopingCartPageTest -->
      <class name="Tests.HomePageTest">
        <test-method is-config="true" signature="SetUp(java.lang.String)[pri:0, instance:Tests.HomePageTest@bcef303]" started-at="2024-01-23T14:17:24 IST" name="SetUp" finished-at="2024-01-23T14:17:29 IST" duration-ms="5322" status="PASS">
          <params>
            <param index="0">
              <value>
                <![CDATA[chrome]]>
              </value>
            </param>
          </params>
          <reporter-output>
          </reporter-output>
        </test-method> <!-- SetUp -->
        <test-method signature="HomePageTitleTest()[pri:1, instance:Tests.HomePageTest@bcef303]" started-at="2024-01-23T14:17:29 IST" name="HomePageTitleTest" finished-at="2024-01-23T14:17:29 IST" duration-ms="17" status="PASS">
          <reporter-output>
          </reporter-output>
        </test-method> <!-- HomePageTitleTest -->
        <test-method is-config="true" signature="tearDown()[pri:0, instance:Tests.HomePageTest@bcef303]" started-at="2024-01-23T14:17:29 IST" name="tearDown" finished-at="2024-01-23T14:17:30 IST" duration-ms="648" status="PASS">
          <reporter-output>
          </reporter-output>
        </test-method> <!-- tearDown -->
        <test-method is-config="true" signature="SetUp(java.lang.String)[pri:0, instance:Tests.HomePageTest@bcef303]" started-at="2024-01-23T14:17:30 IST" name="SetUp" finished-at="2024-01-23T14:17:35 IST" duration-ms="4686" status="PASS">
          <params>
            <param index="0">
              <value>
                <![CDATA[chrome]]>
              </value>
            </param>
          </params>
          <reporter-output>
          </reporter-output>
        </test-method> <!-- SetUp -->
        <test-method signature="LogoImageTest()[pri:2, instance:Tests.HomePageTest@bcef303]" started-at="2024-01-23T14:17:35 IST" name="LogoImageTest" finished-at="2024-01-23T14:17:35 IST" duration-ms="53" status="PASS">
          <reporter-output>
          </reporter-output>
        </test-method> <!-- LogoImageTest -->
        <test-method is-config="true" signature="tearDown()[pri:0, instance:Tests.HomePageTest@bcef303]" started-at="2024-01-23T14:17:35 IST" name="tearDown" finished-at="2024-01-23T14:17:35 IST" duration-ms="698" status="PASS">
          <reporter-output>
          </reporter-output>
        </test-method> <!-- tearDown -->
      </class> <!-- Tests.HomePageTest -->
      <class name="Tests.LoginPageTest">
        <test-method is-config="true" signature="SetUp(java.lang.String)[pri:0, instance:Tests.LoginPageTest@33308786]" started-at="2024-01-23T14:17:35 IST" name="SetUp" finished-at="2024-01-23T14:17:41 IST" duration-ms="5078" status="PASS">
          <params>
            <param index="0">
              <value>
                <![CDATA[chrome]]>
              </value>
            </param>
          </params>
          <reporter-output>
          </reporter-output>
        </test-method> <!-- SetUp -->
        <test-method signature="LoginFunctionalityTest(java.lang.String,java.lang.String)[pri:0, instance:Tests.LoginPageTest@33308786]" started-at="2024-01-23T14:17:41 IST" name="LoginFunctionalityTest" data-provider="TestData" finished-at="2024-01-23T14:17:42 IST" duration-ms="1209" status="FAIL">
          <params>
            <param index="0">
              <value>
                <![CDATA[utkarsh@mail.com]]>
              </value>
            </param>
            <param index="1">
              <value>
                <![CDATA[utkarsh]]>
              </value>
            </param>
          </params>
          <exception class="org.openqa.selenium.NoSuchElementException">
            <message>
              <![CDATA[no such element: Unable to locate element: {"method":"xpath","selector":"//a[@class="ico-account"]"}
  (Session info: chrome=120.0.6099.109)
For documentation on this error, please visit: https://www.selenium.dev/documentation/webdriver/troubleshooting/errors#no-such-element-exception
Build info: version: '4.11.0', revision: '040bc5406b'
System info: os.name: 'Windows 10', os.arch: 'amd64', os.version: '10.0', java.version: '17.0.3'
Driver info: org.openqa.selenium.chrome.ChromeDriver
Command: [e754aa9f4fd96a68d9f6ade15f44c8dc, findElement {using=xpath, value=//a[@class="ico-account"]}]
Capabilities {acceptInsecureCerts: false, browserName: chrome, browserVersion: 120.0.6099.109, chrome: {chromedriverVersion: 120.0.6099.109 (3419140ab66..., userDataDir: C:\Users\admin\AppData\Loca...}, fedcm:accounts: true, goog:chromeOptions: {debuggerAddress: localhost:50792}, networkConnectionEnabled: false, pageLoadStrategy: normal, platformName: windows, proxy: Proxy(), se:cdp: ws://localhost:50792/devtoo..., se:cdpVersion: 120.0.6099.109, setWindowRect: true, strictFileInteractability: false, timeouts: {implicit: 0, pageLoad: 300000, script: 30000}, unhandledPromptBehavior: dismiss and notify, webauthn:extension:credBlob: true, webauthn:extension:largeBlob: true, webauthn:extension:minPinLength: true, webauthn:extension:prf: true, webauthn:virtualAuthenticators: true}
Session ID: e754aa9f4fd96a68d9f6ade15f44c8dc]]>
            </message>
            <full-stacktrace>
              <![CDATA[org.openqa.selenium.NoSuchElementException: no such element: Unable to locate element: {"method":"xpath","selector":"//a[@class="ico-account"]"}
  (Session info: chrome=120.0.6099.109)
For documentation on this error, please visit: https://www.selenium.dev/documentation/webdriver/troubleshooting/errors#no-such-element-exception
Build info: version: '4.11.0', revision: '040bc5406b'
System info: os.name: 'Windows 10', os.arch: 'amd64', os.version: '10.0', java.version: '17.0.3'
Driver info: org.openqa.selenium.chrome.ChromeDriver
Command: [e754aa9f4fd96a68d9f6ade15f44c8dc, findElement {using=xpath, value=//a[@class="ico-account"]}]
Capabilities {acceptInsecureCerts: false, browserName: chrome, browserVersion: 120.0.6099.109, chrome: {chromedriverVersion: 120.0.6099.109 (3419140ab66..., userDataDir: C:\Users\admin\AppData\Loca...}, fedcm:accounts: true, goog:chromeOptions: {debuggerAddress: localhost:50792}, networkConnectionEnabled: false, pageLoadStrategy: normal, platformName: windows, proxy: Proxy(), se:cdp: ws://localhost:50792/devtoo..., se:cdpVersion: 120.0.6099.109, setWindowRect: true, strictFileInteractability: false, timeouts: {implicit: 0, pageLoad: 300000, script: 30000}, unhandledPromptBehavior: dismiss and notify, webauthn:extension:credBlob: true, webauthn:extension:largeBlob: true, webauthn:extension:minPinLength: true, webauthn:extension:prf: true, webauthn:virtualAuthenticators: true}
Session ID: e754aa9f4fd96a68d9f6ade15f44c8dc
at java.base/jdk.internal.reflect.NativeConstructorAccessorImpl.newInstance0(Native Method)
at java.base/jdk.internal.reflect.NativeConstructorAccessorImpl.newInstance(NativeConstructorAccessorImpl.java:77)
at java.base/jdk.internal.reflect.DelegatingConstructorAccessorImpl.newInstance(DelegatingConstructorAccessorImpl.java:45)
at java.base/java.lang.reflect.Constructor.newInstanceWithCaller(Constructor.java:499)
at java.base/java.lang.reflect.Constructor.newInstance(Constructor.java:480)
at org.openqa.selenium.remote.codec.w3c.W3CHttpResponseCodec.createException(W3CHttpResponseCodec.java:200)
at org.openqa.selenium.remote.codec.w3c.W3CHttpResponseCodec.decode(W3CHttpResponseCodec.java:133)
at org.openqa.selenium.remote.codec.w3c.W3CHttpResponseCodec.decode(W3CHttpResponseCodec.java:52)
at org.openqa.selenium.remote.HttpCommandExecutor.execute(HttpCommandExecutor.java:191)
at org.openqa.selenium.remote.service.DriverCommandExecutor.invokeExecute(DriverCommandExecutor.java:196)
at org.openqa.selenium.remote.service.DriverCommandExecutor.execute(DriverCommandExecutor.java:171)
at org.openqa.selenium.remote.RemoteWebDriver.execute(RemoteWebDriver.java:518)
at org.openqa.selenium.remote.ElementLocation$ElementFinder$2.findElement(ElementLocation.java:165)
at org.openqa.selenium.remote.ElementLocation.findElement(ElementLocation.java:59)
at org.openqa.selenium.remote.RemoteWebDriver.findElement(RemoteWebDriver.java:355)
at org.openqa.selenium.remote.RemoteWebDriver.findElement(RemoteWebDriver.java:349)
at BasePage.BasePage.getElement(BasePage.java:32)
at Pages.HomePage.HomePageText(HomePage.java:36)
at Tests.LoginPageTest.LoginFunctionalityTest(LoginPageTest.java:38)
at java.base/jdk.internal.reflect.NativeMethodAccessorImpl.invoke0(Native Method)
at java.base/jdk.internal.reflect.NativeMethodAccessorImpl.invoke(NativeMethodAccessorImpl.java:77)
at java.base/jdk.internal.reflect.DelegatingMethodAccessorImpl.invoke(DelegatingMethodAccessorImpl.java:43)
at java.base/java.lang.reflect.Method.invoke(Method.java:568)
at org.testng.internal.invokers.MethodInvocationHelper.invokeMethod(MethodInvocationHelper.java:139)
at org.testng.internal.invokers.TestInvoker.invokeMethod(TestInvoker.java:664)
at org.testng.internal.invokers.TestInvoker.invokeTestMethod(TestInvoker.java:227)
at org.testng.internal.invokers.MethodRunner.runInSequence(MethodRunner.java:50)
at org.testng.internal.invokers.TestInvoker$MethodInvocationAgent.invoke(TestInvoker.java:957)
at org.testng.internal.invokers.TestInvoker.invokeTestMethods(TestInvoker.java:200)
at org.testng.internal.invokers.TestMethodWorker.invokeTestMethods(TestMethodWorker.java:148)
at org.testng.internal.invokers.TestMethodWorker.run(TestMethodWorker.java:128)
at java.base/java.util.ArrayList.forEach(ArrayList.java:1511)
at org.testng.TestRunner.privateRun(TestRunner.java:848)
at org.testng.TestRunner.run(TestRunner.java:621)
at org.testng.SuiteRunner.runTest(SuiteRunner.java:443)
at org.testng.SuiteRunner.runSequentially(SuiteRunner.java:437)
at org.testng.SuiteRunner.privateRun(SuiteRunner.java:397)
at org.testng.SuiteRunner.run(SuiteRunner.java:336)
at org.testng.SuiteRunnerWorker.runSuite(SuiteRunnerWorker.java:52)
at org.testng.SuiteRunnerWorker.run(SuiteRunnerWorker.java:95)
at org.testng.TestNG.runSuitesSequentially(TestNG.java:1280)
at org.testng.TestNG.runSuitesLocally(TestNG.java:1200)
at org.testng.TestNG.runSuites(TestNG.java:1114)
at org.testng.TestNG.run(TestNG.java:1082)
at org.testng.remote.AbstractRemoteTestNG.run(AbstractRemoteTestNG.java:115)
at org.testng.remote.RemoteTestNG.initAndRun(RemoteTestNG.java:251)
at org.testng.remote.RemoteTestNG.main(RemoteTestNG.java:77)
]]>
            </full-stacktrace>
          </exception> <!-- org.openqa.selenium.NoSuchElementException -->
          <reporter-output>
          </reporter-output>
        </test-method> <!-- LoginFunctionalityTest -->
        <test-method is-config="true" signature="tearDown()[pri:0, instance:Tests.LoginPageTest@33308786]" started-at="2024-01-23T14:17:42 IST" name="tearDown" finished-at="2024-01-23T14:17:43 IST" duration-ms="637" status="PASS">
          <reporter-output>
          </reporter-output>
        </test-method> <!-- tearDown -->
      </class> <!-- Tests.LoginPageTest -->
    </test> <!-- Smoke_Test -->
  </suite> <!-- Smoke_Test -->
</testng-results>
