<?xml version="1.0" encoding="UTF-8"?>
<!-- Generated by org.testng.reporters.JUnitXMLReporter -->
<testsuite ignored="12" hostname="DESKTOP-1J8V2O0" failures="0" tests="2" name="All_Tests" time="24.243" errors="0" timestamp="2024-01-22T15:33:31 IST">
  <testcase classname="Tests.ShoopingCartPageTest" name="ProductAddToShoopingCartTest" time="3.948"/>
  <testcase classname="Tests.ShoopingCartPageTest" name="GoToCheckOutPage" time="4.933"/>
  <testcase classname="Base.BaseTest" name="@BeforeSuite StartConfig" time="0.0">
    <ignored/>
  </testcase> <!-- @BeforeSuite StartConfig -->
  <testcase classname="Base.BaseTest" name="@BeforeSuite StartConfig" time="0.0">
    <ignored/>
  </testcase> <!-- @BeforeSuite StartConfig -->
  <testcase classname="Base.BaseTest" name="@AfterSuite CloseConfig" time="0.0">
    <ignored/>
  </testcase> <!-- @AfterSuite CloseConfig -->
  <testcase classname="Base.BaseTest" name="@AfterSuite CloseConfig" time="0.0">
    <ignored/>
  </testcase> <!-- @AfterSuite CloseConfig -->
  <testcase classname="Base.BaseTest" name="@AfterSuite CloseConfig" time="0.0">
    <ignored/>
  </testcase> <!-- @AfterSuite CloseConfig -->
  <testcase classname="Base.BaseTest" name="@BeforeSuite StartConfig" time="0.0">
    <ignored/>
  </testcase> <!-- @BeforeSuite StartConfig -->
  <testcase classname="Base.BaseTest" name="@AfterSuite CloseConfig" time="0.0">
    <ignored/>
  </testcase> <!-- @AfterSuite CloseConfig -->
  <testcase classname="Base.BaseTest" name="@AfterSuite CloseConfig" time="0.0">
    <ignored/>
  </testcase> <!-- @AfterSuite CloseConfig -->
  <testcase classname="Base.BaseTest" name="@AfterSuite CloseConfig" time="0.0">
    <ignored/>
  </testcase> <!-- @AfterSuite CloseConfig -->
  <testcase classname="Base.BaseTest" name="@BeforeSuite StartConfig" time="0.0">
    <ignored/>
  </testcase> <!-- @BeforeSuite StartConfig -->
  <testcase classname="Base.BaseTest" name="@BeforeSuite StartConfig" time="0.0">
    <ignored/>
  </testcase> <!-- @BeforeSuite StartConfig -->
  <testcase classname="Base.BaseTest" name="@BeforeSuite StartConfig" time="0.0">
    <ignored/>
  </testcase> <!-- @BeforeSuite StartConfig -->
</testsuite> <!-- All_Tests -->
