<?xml version="1.0" encoding="UTF-8"?>
<!-- Generated by org.testng.reporters.JUnitXMLReporter -->
<testsuite ignored="18" hostname="DESKTOP-1J8V2O0" failures="0" tests="4" name="Sanity_Test" time="40.479" errors="0" timestamp="2024-01-22T15:06:54 IST">
  <testcase classname="Tests.ShoopingCartPageTest" name="ProductAddToShoopingCartTest" time="4.593"/>
  <testcase classname="Tests.SearchResultPageTest" name="SearchedProductAvailabilityTest" time="1.723"/>
  <testcase classname="Tests.RegistrationPageTest" name="RegistrationFunctionalityTest" time="3.563"/>
  <testcase classname="Tests.WishlistPageTest" name="ProductAddToWishlistTest" time="2.987"/>
  <testcase classname="Base.BaseTest" name="@BeforeSuite StartConfig" time="0.0">
    <ignored/>
  </testcase> <!-- @BeforeSuite StartConfig -->
  <testcase classname="Base.BaseTest" name="@BeforeSuite StartConfig" time="0.0">
    <ignored/>
  </testcase> <!-- @BeforeSuite StartConfig -->
  <testcase classname="Tests.HomePageTest" name="LogoImageTest" time="0.0">
    <ignored/>
  </testcase> <!-- LogoImageTest -->
  <testcase classname="Tests.LoginPageTest" name="LoginFunctionalityTest" time="0.0">
    <ignored/>
  </testcase> <!-- LoginFunctionalityTest -->
  <testcase classname="Base.BaseTest" name="@AfterSuite CloseConfig" time="0.0">
    <ignored/>
  </testcase> <!-- @AfterSuite CloseConfig -->
  <testcase classname="Base.BaseTest" name="@AfterSuite CloseConfig" time="0.0">
    <ignored/>
  </testcase> <!-- @AfterSuite CloseConfig -->
  <testcase classname="Tests.ShoopingCartPageTest" name="VerifyTheTotalPrice" time="0.0">
    <ignored/>
  </testcase> <!-- VerifyTheTotalPrice -->
  <testcase classname="Base.BaseTest" name="@BeforeSuite StartConfig" time="0.0">
    <ignored/>
  </testcase> <!-- @BeforeSuite StartConfig -->
  <testcase classname="Tests.ShoopingCartPageTest" name="GoToCheckOutPage" time="0.0">
    <ignored/>
  </testcase> <!-- GoToCheckOutPage -->
  <testcase classname="Base.BaseTest" name="@AfterSuite CloseConfig" time="0.0">
    <ignored/>
  </testcase> <!-- @AfterSuite CloseConfig -->
  <testcase classname="Base.BaseTest" name="@BeforeSuite StartConfig" time="0.0">
    <ignored/>
  </testcase> <!-- @BeforeSuite StartConfig -->
  <testcase classname="Base.BaseTest" name="@BeforeSuite StartConfig" time="0.0">
    <ignored/>
  </testcase> <!-- @BeforeSuite StartConfig -->
  <testcase classname="Base.BaseTest" name="@AfterSuite CloseConfig" time="0.0">
    <ignored/>
  </testcase> <!-- @AfterSuite CloseConfig -->
  <testcase classname="Tests.HomePageTest" name="HomePageTitleTest" time="0.0">
    <ignored/>
  </testcase> <!-- HomePageTitleTest -->
  <testcase classname="Base.BaseTest" name="@AfterSuite CloseConfig" time="0.0">
    <ignored/>
  </testcase> <!-- @AfterSuite CloseConfig -->
  <testcase classname="Base.BaseTest" name="@AfterSuite CloseConfig" time="0.0">
    <ignored/>
  </testcase> <!-- @AfterSuite CloseConfig -->
  <testcase classname="Base.BaseTest" name="@BeforeSuite StartConfig" time="0.0">
    <ignored/>
  </testcase> <!-- @BeforeSuite StartConfig -->
  <testcase classname="Tests.CheckOutPageTest" name="CheckOutFunctionalityTest" time="0.0">
    <ignored/>
  </testcase> <!-- CheckOutFunctionalityTest -->
</testsuite> <!-- Sanity_Test -->
